artyTheArtist/build/outputs/logs/manifest-merger-debug-report.txt
-- Merging decision tree log ---
manifest
ADDED from src/main/AndroidManifest.xml:2:1-76:12
	package
		ADDED from src/main/AndroidManifest.xml:4:5-32
		INJECTED from src/main/AndroidManifest.xml
		INJECTED from src/main/AndroidManifest.xml
	android:versionName
		ADDED from src/main/AndroidManifest.xml:7:5-31
		INJECTED from src/main/AndroidManifest.xml
		INJECTED from src/main/AndroidManifest.xml
	xmlns:tools
		ADDED from src/main/AndroidManifest.xml:3:5-51
	android:versionCode
		ADDED from src/main/AndroidManifest.xml:6:5-29
		INJECTED from src/main/AndroidManifest.xml
		INJECTED from src/main/AndroidManifest.xml
	xmlns:android
		ADDED from src/main/AndroidManifest.xml:2:11-69
	android:installLocation
		ADDED from src/main/AndroidManifest.xml:5:5-35
uses-permission#android.permission.INTERNET
ADDED from src/main/AndroidManifest.xml:9:5-10:23
	android:name
		ADDED from src/main/AndroidManifest.xml:9:22-64
uses-permission#android.permission.READ_CONTACTS
ADDED from src/main/AndroidManifest.xml:11:5-12:23
	android:name
		ADDED from src/main/AndroidManifest.xml:11:22-69
uses-sdk
ADDED from src/main/AndroidManifest.xml:14:5-16:41
MERGED from [ArtyTheArtist:tokenLibrary:unspecified] AndroidManifest.xml:8:5-10:41
MERGED from [ArtyTheArtist:ediLibrary:unspecified] AndroidManifest.xml:7:5-9:41
MERGED from [ArtyTheArtist:securityLibrary:unspecified] AndroidManifest.xml:7:5-9:41
	android:targetSdkVersion
		ADDED from src/main/AndroidManifest.xml:16:9-38
	android:minSdkVersion
		ADDED from src/main/AndroidManifest.xml:15:9-35
		INJECTED from src/main/AndroidManifest.xml
		INJECTED from src/main/AndroidManifest.xml
uses-permission#android.permission.WRITE_EXTERNAL_STORAGE
ADDED from src/main/AndroidManifest.xml:18:5-81
	android:name
		ADDED from src/main/AndroidManifest.xml:18:22-78
application
ADDED from src/main/AndroidManifest.xml:20:5-74:19
MERGED from [ArtyTheArtist:tokenLibrary:unspecified] AndroidManifest.xml:12:5-18:19
MERGED from [ArtyTheArtist:ediLibrary:unspecified] AndroidManifest.xml:11:5-16:19
MERGED from [ArtyTheArtist:securityLibrary:unspecified] AndroidManifest.xml:11:5-16:19
	android:label
		ADDED from src/main/AndroidManifest.xml:23:9-41
	tools:overrideLibrary
		ADDED from [ArtyTheArtist:tokenLibrary:unspecified] AndroidManifest.xml:17:9-49
	android:allowBackup
		ADDED from src/main/AndroidManifest.xml:21:9-35
	android:icon
		ADDED from src/main/AndroidManifest.xml:22:9-41
		REJECTED from [ArtyTheArtist:tokenLibrary:unspecified] AndroidManifest.xml:14:9-45
		REJECTED from [ArtyTheArtist:ediLibrary:unspecified] AndroidManifest.xml:13:9-45
		REJECTED from [ArtyTheArtist:securityLibrary:unspecified] AndroidManifest.xml:13:9-45
	android:theme
		ADDED from src/main/AndroidManifest.xml:24:9-62
		REJECTED from [ArtyTheArtist:tokenLibrary:unspecified] AndroidManifest.xml:16:9-40
		REJECTED from [ArtyTheArtist:ediLibrary:unspecified] AndroidManifest.xml:15:9-40
		REJECTED from [ArtyTheArtist:securityLibrary:unspecified] AndroidManifest.xml:15:9-40
	tools:replace
		ADDED from src/main/AndroidManifest.xml:25:9-51
activity#com.artytheartist.MainActivity
ADDED from src/main/AndroidManifest.xml:26:9-36:20
	android:label
		ADDED from src/main/AndroidManifest.xml:29:13-45
	android:configChanges
		ADDED from src/main/AndroidManifest.xml:28:13-63
	android:theme
		ADDED from src/main/AndroidManifest.xml:30:13-71
	android:name
		ADDED from src/main/AndroidManifest.xml:27:13-41
intent-filter#android.intent.action.MAIN+android.intent.category.LAUNCHER
ADDED from src/main/AndroidManifest.xml:31:13-35:29
action#android.intent.action.MAIN
ADDED from src/main/AndroidManifest.xml:32:17-69
	android:name
		ADDED from src/main/AndroidManifest.xml:32:25-66
category#android.intent.category.LAUNCHER
ADDED from src/main/AndroidManifest.xml:34:17-77
	android:name
		ADDED from src/main/AndroidManifest.xml:34:27-74
activity#com.artytheartist.SplashActivity
ADDED from src/main/AndroidManifest.xml:37:9-40:20
	android:configChanges
		ADDED from src/main/AndroidManifest.xml:39:13-63
	android:name
		ADDED from src/main/AndroidManifest.xml:38:13-60
activity#com.artytheartist.FriendsDetail
ADDED from src/main/AndroidManifest.xml:42:9-45:20
	android:configChanges
		ADDED from src/main/AndroidManifest.xml:44:13-63
	android:name
		ADDED from src/main/AndroidManifest.xml:43:13-59
activity#com.artytheartist.FriendsActivity
ADDED from src/main/AndroidManifest.xml:46:9-49:20
	android:configChanges
		ADDED from src/main/AndroidManifest.xml:48:13-63
	android:name
		ADDED from src/main/AndroidManifest.xml:47:13-61
activity#com.artytheartist.ContactDetail
ADDED from src/main/AndroidManifest.xml:51:9-54:20
	android:configChanges
		ADDED from src/main/AndroidManifest.xml:53:13-63
	android:name
		ADDED from src/main/AndroidManifest.xml:52:13-59
activity#com.artytheartist.NewUser
ADDED from src/main/AndroidManifest.xml:56:9-59:20
	android:configChanges
		ADDED from src/main/AndroidManifest.xml:58:13-63
	android:name
		ADDED from src/main/AndroidManifest.xml:57:13-53
activity#com.artytheartist.ChangePassword
ADDED from src/main/AndroidManifest.xml:60:9-63:20
	android:configChanges
		ADDED from src/main/AndroidManifest.xml:62:13-63
	android:name
		ADDED from src/main/AndroidManifest.xml:61:13-60
activity#com.artytheartist.AppSettings
ADDED from src/main/AndroidManifest.xml:64:9-67:20
	android:configChanges
		ADDED from src/main/AndroidManifest.xml:66:13-63
	android:name
		ADDED from src/main/AndroidManifest.xml:65:13-57
activity#com.artytheartist.Images
ADDED from src/main/AndroidManifest.xml:68:9-71:20
	android:configChanges
		ADDED from src/main/AndroidManifest.xml:70:13-63
	android:name
		ADDED from src/main/AndroidManifest.xml:69:13-52
activity#com.artytheartist.InfoWebActivity
ADDED from src/main/AndroidManifest.xml:72:9-73:20
	android:name
		ADDED from src/main/AndroidManifest.xml:72:19-67